<?xml version="1.0" encoding="UTF-8"?>
<testng-results skipped="2" failed="1" total="4" passed="1">
  <reporter-output>
  </reporter-output>
  <suite name="IBCG2_Smoke_Suite" duration-ms="36734" started-at="2019-04-14T11:20:35Z" finished-at="2019-04-14T11:21:11Z">
    <groups>
      <group name="smoke">
        <method signature="LoginPageTest.invalid_Login_Test()[pri:2, instance:smoke.LoginPageTest@6a4f787b]" name="invalid_Login_Test" class="smoke.LoginPageTest"/>
        <method signature="LoginPageTest.invalid_Login_Test()[pri:2, instance:utilities.DriverInit@604ed9f0]" name="invalid_Login_Test" class="smoke.LoginPageTest"/>
        <method signature="LoginPageTest.successful_Login_Test()[pri:1, instance:smoke.LoginPageTest@6a4f787b]" name="successful_Login_Test" class="smoke.LoginPageTest"/>
        <method signature="LoginPageTest.successful_Login_Test()[pri:1, instance:utilities.DriverInit@604ed9f0]" name="successful_Login_Test" class="smoke.LoginPageTest"/>
      </group> <!-- smoke -->
    </groups>
    <test name="Test" duration-ms="36734" started-at="2019-04-14T11:20:35Z" finished-at="2019-04-14T11:21:11Z">
      <class name="smoke.LoginPageTest">
        <test-method status="FAIL" signature="initDriver(java.lang.String)[pri:0, instance:smoke.LoginPageTest@6a4f787b]" name="initDriver" is-config="true" duration-ms="0" started-at="2019-04-14T16:51:11Z" finished-at="2019-04-14T16:51:11Z">
          <params>
            <param index="0">
              <value>
                <![CDATA[QAI]]>
              </value>
            </param>
          </params>
          <exception class="org.openqa.selenium.remote.SessionNotFoundException">
            <message>
              <![CDATA[invalid session id
  (Driver info: chromedriver=2.46.628402 (536cd7adbad73a3783fdc2cab92ab2ba7ec361e1),platform=Windows NT 10.0.17134 x86_64) (WARNING: The server did not provide any stacktrace information)
Command duration or timeout: 52 milliseconds
Build info: version: '2.53.1', revision: 'a36b8b1cd5757287168e54b817830adce9b0158d', time: '2016-06-30 19:26:09'
System info: host: 'LAPTOP-G0ITPRBD', ip: '192.168.43.110', os.name: 'Windows 10', os.arch: 'amd64', os.version: '10.0', java.version: '1.8.0_131'
Driver info: org.openqa.selenium.chrome.ChromeDriver
Capabilities [{mobileEmulationEnabled=false, timeouts={implicit=0, pageLoad=300000, script=30000}, hasTouchScreen=false, platform=XP, acceptSslCerts=false, goog:chromeOptions={debuggerAddress=localhost:60007}, acceptInsecureCerts=false, webStorageEnabled=true, browserName=chrome, takesScreenshot=true, javascriptEnabled=true, setWindowRect=true, unexpectedAlertBehaviour=ignore, applicationCacheEnabled=false, rotatable=false, networkConnectionEnabled=false, chrome={chromedriverVersion=2.46.628402 (536cd7adbad73a3783fdc2cab92ab2ba7ec361e1), userDataDir=C:\Users\NISH\AppData\Local\Temp\scoped_dir28660_15323}, takesHeapSnapshot=true, pageLoadStrategy=normal, strictFileInteractability=false, databaseEnabled=false, handlesAlerts=true, version=71.0.3578.98, browserConnectionEnabled=false, proxy={}, nativeEvents=true, locationContextEnabled=true, cssSelectorsEnabled=true}]
Session ID: ab0980ff63bac2a147d7c735eee64c84]]>
            </message>
            <full-stacktrace>
              <![CDATA[org.openqa.selenium.remote.SessionNotFoundException: invalid session id
  (Driver info: chromedriver=2.46.628402 (536cd7adbad73a3783fdc2cab92ab2ba7ec361e1),platform=Windows NT 10.0.17134 x86_64) (WARNING: The server did not provide any stacktrace information)
Command duration or timeout: 52 milliseconds
Build info: version: '2.53.1', revision: 'a36b8b1cd5757287168e54b817830adce9b0158d', time: '2016-06-30 19:26:09'
System info: host: 'LAPTOP-G0ITPRBD', ip: '192.168.43.110', os.name: 'Windows 10', os.arch: 'amd64', os.version: '10.0', java.version: '1.8.0_131'
Driver info: org.openqa.selenium.chrome.ChromeDriver
Capabilities [{mobileEmulationEnabled=false, timeouts={implicit=0, pageLoad=300000, script=30000}, hasTouchScreen=false, platform=XP, acceptSslCerts=false, goog:chromeOptions={debuggerAddress=localhost:60007}, acceptInsecureCerts=false, webStorageEnabled=true, browserName=chrome, takesScreenshot=true, javascriptEnabled=true, setWindowRect=true, unexpectedAlertBehaviour=ignore, applicationCacheEnabled=false, rotatable=false, networkConnectionEnabled=false, chrome={chromedriverVersion=2.46.628402 (536cd7adbad73a3783fdc2cab92ab2ba7ec361e1), userDataDir=C:\Users\NISH\AppData\Local\Temp\scoped_dir28660_15323}, takesHeapSnapshot=true, pageLoadStrategy=normal, strictFileInteractability=false, databaseEnabled=false, handlesAlerts=true, version=71.0.3578.98, browserConnectionEnabled=false, proxy={}, nativeEvents=true, locationContextEnabled=true, cssSelectorsEnabled=true}]
Session ID: ab0980ff63bac2a147d7c735eee64c84
	at sun.reflect.NativeConstructorAccessorImpl.newInstance0(Native Method)
	at sun.reflect.NativeConstructorAccessorImpl.newInstance(Unknown Source)
	at sun.reflect.DelegatingConstructorAccessorImpl.newInstance(Unknown Source)
	at java.lang.reflect.Constructor.newInstance(Unknown Source)
	at org.openqa.selenium.remote.ErrorHandler.createThrowable(ErrorHandler.java:206)
	at org.openqa.selenium.remote.ErrorHandler.throwIfResponseFailed(ErrorHandler.java:158)
	at org.openqa.selenium.remote.RemoteWebDriver.execute(RemoteWebDriver.java:678)
	at org.openqa.selenium.remote.RemoteWebDriver.get(RemoteWebDriver.java:316)
	at smoke.LoginPageTest.initDriver(LoginPageTest.java:31)
	at sun.reflect.NativeMethodAccessorImpl.invoke0(Native Method)
	at sun.reflect.NativeMethodAccessorImpl.invoke(Unknown Source)
	at sun.reflect.DelegatingMethodAccessorImpl.invoke(Unknown Source)
	at java.lang.reflect.Method.invoke(Unknown Source)
	at org.testng.internal.MethodInvocationHelper.invokeMethod(MethodInvocationHelper.java:86)
	at org.testng.internal.Invoker.invokeConfigurationMethod(Invoker.java:514)
	at org.testng.internal.Invoker.invokeConfigurations(Invoker.java:215)
	at org.testng.internal.Invoker.invokeConfigurations(Invoker.java:142)
	at org.testng.internal.TestMethodWorker.invokeBeforeClassMethods(TestMethodWorker.java:178)
	at org.testng.internal.TestMethodWorker.run(TestMethodWorker.java:108)
	at org.testng.TestRunner.privateRun(TestRunner.java:782)
	at org.testng.TestRunner.run(TestRunner.java:632)
	at org.testng.SuiteRunner.runTest(SuiteRunner.java:366)
	at org.testng.SuiteRunner.runSequentially(SuiteRunner.java:361)
	at org.testng.SuiteRunner.privateRun(SuiteRunner.java:319)
	at org.testng.SuiteRunner.run(SuiteRunner.java:268)
	at org.testng.SuiteRunnerWorker.runSuite(SuiteRunnerWorker.java:52)
	at org.testng.SuiteRunnerWorker.run(SuiteRunnerWorker.java:86)
	at org.testng.TestNG.runSuitesSequentially(TestNG.java:1244)
	at org.testng.TestNG.runSuitesLocally(TestNG.java:1169)
	at org.testng.TestNG.run(TestNG.java:1064)
	at org.testng.remote.AbstractRemoteTestNG.run(AbstractRemoteTestNG.java:114)
	at org.testng.remote.RemoteTestNG.initAndRun(RemoteTestNG.java:251)
	at org.testng.remote.RemoteTestNG.main(RemoteTestNG.java:77)
]]>
            </full-stacktrace>
          </exception> <!-- org.openqa.selenium.remote.SessionNotFoundException -->
          <reporter-output>
          </reporter-output>
        </test-method> <!-- initDriver -->
        <test-method status="SKIP" signature="successful_Login_Test()[pri:1, instance:smoke.LoginPageTest@6a4f787b]" name="successful_Login_Test" duration-ms="3" started-at="2019-04-14T16:51:11Z" finished-at="2019-04-14T16:51:11Z">
          <reporter-output>
          </reporter-output>
        </test-method> <!-- successful_Login_Test -->
        <test-method status="SKIP" signature="invalid_Login_Test()[pri:2, instance:smoke.LoginPageTest@6a4f787b]" name="invalid_Login_Test" duration-ms="4" started-at="2019-04-14T16:51:11Z" finished-at="2019-04-14T16:51:11Z">
          <reporter-output>
          </reporter-output>
        </test-method> <!-- invalid_Login_Test -->
        <test-method status="SKIP" signature="after()[pri:0, instance:smoke.LoginPageTest@6a4f787b]" name="after" is-config="true" duration-ms="0" started-at="2019-04-14T16:51:11Z" finished-at="2019-04-14T16:51:11Z">
          <reporter-output>
          </reporter-output>
        </test-method> <!-- after -->
      </class> <!-- smoke.LoginPageTest -->
      <class name="utilities.DriverInit">
        <test-method status="PASS" signature="getBrowser(java.lang.String)[pri:0, instance:utilities.DriverInit@604ed9f0]" name="getBrowser" is-config="true" duration-ms="4749" started-at="2019-04-14T16:50:35Z" finished-at="2019-04-14T16:50:40Z">
          <params>
            <param index="0">
              <value>
                <![CDATA[chrome]]>
              </value>
            </param>
          </params>
          <reporter-output>
          </reporter-output>
        </test-method> <!-- getBrowser -->
        <test-method status="PASS" signature="initDriver(java.lang.String)[pri:0, instance:utilities.DriverInit@604ed9f0]" name="initDriver" is-config="true" duration-ms="16406" started-at="2019-04-14T16:50:40Z" finished-at="2019-04-14T16:50:56Z">
          <params>
            <param index="0">
              <value>
                <![CDATA[QAI]]>
              </value>
            </param>
          </params>
          <reporter-output>
          </reporter-output>
        </test-method> <!-- initDriver -->
        <test-method status="PASS" signature="successful_Login_Test()[pri:1, instance:utilities.DriverInit@604ed9f0]" name="successful_Login_Test" duration-ms="11153" started-at="2019-04-14T16:50:56Z" finished-at="2019-04-14T16:51:07Z">
          <reporter-output>
          </reporter-output>
        </test-method> <!-- successful_Login_Test -->
        <test-method status="FAIL" signature="invalid_Login_Test()[pri:2, instance:utilities.DriverInit@604ed9f0]" name="invalid_Login_Test" duration-ms="3506" started-at="2019-04-14T16:51:07Z" finished-at="2019-04-14T16:51:11Z">
          <exception class="java.lang.AssertionError">
            <message>
              <![CDATA[null]]>
            </message>
            <full-stacktrace>
              <![CDATA[java.lang.AssertionError: null
	at org.testng.Assert.fail(Assert.java:94)
	at org.testng.Assert.fail(Assert.java:101)
	at smoke.LoginPageTest.invalid_Login_Test(LoginPageTest.java:61)
	at sun.reflect.NativeMethodAccessorImpl.invoke0(Native Method)
	at sun.reflect.NativeMethodAccessorImpl.invoke(Unknown Source)
	at sun.reflect.DelegatingMethodAccessorImpl.invoke(Unknown Source)
	at java.lang.reflect.Method.invoke(Unknown Source)
	at org.testng.internal.MethodInvocationHelper.invokeMethod(MethodInvocationHelper.java:86)
	at org.testng.internal.Invoker.invokeMethod(Invoker.java:643)
	at org.testng.internal.Invoker.invokeTestMethod(Invoker.java:820)
	at org.testng.internal.Invoker.invokeTestMethods(Invoker.java:1128)
	at org.testng.internal.TestMethodWorker.invokeTestMethods(TestMethodWorker.java:129)
	at org.testng.internal.TestMethodWorker.run(TestMethodWorker.java:112)
	at org.testng.TestRunner.privateRun(TestRunner.java:782)
	at org.testng.TestRunner.run(TestRunner.java:632)
	at org.testng.SuiteRunner.runTest(SuiteRunner.java:366)
	at org.testng.SuiteRunner.runSequentially(SuiteRunner.java:361)
	at org.testng.SuiteRunner.privateRun(SuiteRunner.java:319)
	at org.testng.SuiteRunner.run(SuiteRunner.java:268)
	at org.testng.SuiteRunnerWorker.runSuite(SuiteRunnerWorker.java:52)
	at org.testng.SuiteRunnerWorker.run(SuiteRunnerWorker.java:86)
	at org.testng.TestNG.runSuitesSequentially(TestNG.java:1244)
	at org.testng.TestNG.runSuitesLocally(TestNG.java:1169)
	at org.testng.TestNG.run(TestNG.java:1064)
	at org.testng.remote.AbstractRemoteTestNG.run(AbstractRemoteTestNG.java:114)
	at org.testng.remote.RemoteTestNG.initAndRun(RemoteTestNG.java:251)
	at org.testng.remote.RemoteTestNG.main(RemoteTestNG.java:77)
]]>
            </full-stacktrace>
          </exception> <!-- java.lang.AssertionError -->
          <reporter-output>
          </reporter-output>
        </test-method> <!-- invalid_Login_Test -->
        <test-method status="PASS" signature="after()[pri:0, instance:utilities.DriverInit@604ed9f0]" name="after" is-config="true" duration-ms="264" started-at="2019-04-14T16:51:11Z" finished-at="2019-04-14T16:51:11Z">
          <reporter-output>
          </reporter-output>
        </test-method> <!-- after -->
      </class> <!-- utilities.DriverInit -->
    </test> <!-- Test -->
  </suite> <!-- IBCG2_Smoke_Suite -->
</testng-results>
